<?xml version="1.0" encoding="UTF-8"?>
<!-- Generated by org.testng.reporters.JUnitReportReporter -->
<testsuite hostname="DIN73002789" name="stepdefinitionpages.Excel" tests="1" failures="0" timestamp="26 May 2020 10:46:39 GMT" time="0.535" errors="0">
  <testcase name="reader" time="0.535" classname="stepdefinitionpages.Excel"/>
</testsuite> <!-- stepdefinitionpages.Excel -->
